<?xml version="1.0" encoding="UTF-8"?>
<!-- Generated by org.testng.reporters.JUnitXMLReporter -->
<testsuite hostname="DESKTOP-102DN9N" ignored="0" name="Default test" tests="10" failures="0" timestamp="16 Aug 2020 11:48:10 GMT" time="117.65" errors="0">
  <testcase name="testcase1" time="5.534" classname="ProjectTest.ERP"/>
  <testcase name="testcase3" time="13.349" classname="ProjectTest.ERP"/>
  <testcase name="testcase5" time="13.508" classname="ProjectTest.ERP"/>
  <testcase name="testcase6" time="7.936" classname="ProjectTest.ERP"/>
  <testcase name="testcase7" time="12.011" classname="ProjectTest.ERP"/>
  <testcase name="testcase8" time="12.316" classname="ProjectTest.ERP"/>
  <testcase name="testcase9" time="16.383" classname="ProjectTest.ERP"/>
  <testcase name="testcase10" time="12.667" classname="ProjectTest.ERP"/>
  <testcase name="testcase4" time="4.642" classname="ProjectTest.ERP"/>
  <testcase name="testcase11" time="5.571" classname="ProjectTest.ERP"/>
</testsuite> <!-- Default test -->
