<?xml version="1.0" encoding="UTF-8"?>
<testng-results skipped="0" failed="0" ignored="0" total="10" passed="10">
  <reporter-output>
  </reporter-output>
  <suite name="Default suite" duration-ms="117650" started-at="2020-08-16T11:46:12Z" finished-at="2020-08-16T11:48:10Z">
    <groups>
    </groups>
    <test name="Default test" duration-ms="117650" started-at="2020-08-16T11:46:12Z" finished-at="2020-08-16T11:48:10Z">
      <class name="ProjectTest.ERP">
        <test-method status="PASS" signature="beforeTest()[pri:0, instance:ProjectTest.ERP@91161c7]" name="beforeTest" is-config="true" duration-ms="11515" started-at="2020-08-16T11:46:12Z" finished-at="2020-08-16T11:46:24Z">
          <reporter-output>
          </reporter-output>
        </test-method> <!-- beforeTest -->
        <test-method status="PASS" signature="testcase1()[pri:1, instance:ProjectTest.ERP@91161c7]" name="testcase1" duration-ms="5534" started-at="2020-08-16T11:46:24Z" finished-at="2020-08-16T11:46:29Z">
          <reporter-output>
          </reporter-output>
        </test-method> <!-- testcase1 -->
        <test-method status="PASS" signature="testcase3()[pri:2, instance:ProjectTest.ERP@91161c7]" name="testcase3" duration-ms="13349" started-at="2020-08-16T11:46:29Z" finished-at="2020-08-16T11:46:43Z">
          <reporter-output>
          </reporter-output>
        </test-method> <!-- testcase3 -->
        <test-method status="PASS" signature="testcase5()[pri:3, instance:ProjectTest.ERP@91161c7]" name="testcase5" duration-ms="13508" started-at="2020-08-16T11:46:43Z" finished-at="2020-08-16T11:46:56Z">
          <reporter-output>
          </reporter-output>
        </test-method> <!-- testcase5 -->
        <test-method status="PASS" signature="testcase6()[pri:4, instance:ProjectTest.ERP@91161c7]" name="testcase6" duration-ms="7936" started-at="2020-08-16T11:46:56Z" finished-at="2020-08-16T11:47:04Z">
          <reporter-output>
          </reporter-output>
        </test-method> <!-- testcase6 -->
        <test-method status="PASS" signature="testcase7()[pri:5, instance:ProjectTest.ERP@91161c7]" name="testcase7" duration-ms="12011" started-at="2020-08-16T11:47:04Z" finished-at="2020-08-16T11:47:16Z">
          <reporter-output>
          </reporter-output>
        </test-method> <!-- testcase7 -->
        <test-method status="PASS" signature="testcase8()[pri:6, instance:ProjectTest.ERP@91161c7]" name="testcase8" duration-ms="12316" started-at="2020-08-16T11:47:16Z" finished-at="2020-08-16T11:47:29Z">
          <reporter-output>
          </reporter-output>
        </test-method> <!-- testcase8 -->
        <test-method status="PASS" signature="testcase9()[pri:7, instance:ProjectTest.ERP@91161c7]" name="testcase9" duration-ms="16383" started-at="2020-08-16T11:47:29Z" finished-at="2020-08-16T11:47:45Z">
          <reporter-output>
          </reporter-output>
        </test-method> <!-- testcase9 -->
        <test-method status="PASS" signature="testcase10()[pri:8, instance:ProjectTest.ERP@91161c7]" name="testcase10" duration-ms="12667" started-at="2020-08-16T11:47:45Z" finished-at="2020-08-16T11:47:58Z">
          <reporter-output>
          </reporter-output>
        </test-method> <!-- testcase10 -->
        <test-method status="PASS" signature="testcase4()[pri:9, instance:ProjectTest.ERP@91161c7]" name="testcase4" duration-ms="4642" started-at="2020-08-16T11:47:58Z" finished-at="2020-08-16T11:48:02Z">
          <reporter-output>
          </reporter-output>
        </test-method> <!-- testcase4 -->
        <test-method status="PASS" signature="testcase11()[pri:10, instance:ProjectTest.ERP@91161c7]" name="testcase11" duration-ms="5571" started-at="2020-08-16T11:48:02Z" finished-at="2020-08-16T11:48:08Z">
          <reporter-output>
          </reporter-output>
        </test-method> <!-- testcase11 -->
        <test-method status="PASS" signature="afterTest()[pri:0, instance:ProjectTest.ERP@91161c7]" name="afterTest" is-config="true" duration-ms="2152" started-at="2020-08-16T11:48:08Z" finished-at="2020-08-16T11:48:10Z">
          <reporter-output>
          </reporter-output>
        </test-method> <!-- afterTest -->
      </class> <!-- ProjectTest.ERP -->
    </test> <!-- Default test -->
  </suite> <!-- Default suite -->
</testng-results>
